Projecte_3/app/build/intermediates/manifest_merge_blame_file/debug/manifest-merger-blame-debug-report.txt
1<?xml version="1.0" encoding="utf-8"?>
2<manifest xmlns:android="http://schemas.android.com/apk/res/android"
3    package="com.example.dietaapp"
4    android:versionCode="1"
5    android:versionName="1.0" >
6
7    <uses-sdk
8        android:minSdkVersion="24"
8-->src\main\AndroidManifest.xml
9        android:targetSdkVersion="33" />
9-->src\main\AndroidManifest.xml
10
11    <uses-permission android:name="android.permission.INTERNET" />
11-->src\main\AndroidManifest.xml:5:5-67
11-->src\main\AndroidManifest.xml:5:22-64
12    <uses-permission android:name="android.permission.READ_EXTERNAL_STORAGE" />
12-->src\main\AndroidManifest.xml:6:5-80
12-->src\main\AndroidManifest.xml:6:22-77
13    <uses-permission android:name="android.permission.WRITE_EXTERNAL_STORAGE" />
13-->src\main\AndroidManifest.xml:7:5-81
13-->src\main\AndroidManifest.xml:7:22-78
14
15    <permission
15-->[androidx.core:core:1.9.0] AndroidManifest.xml:22:5-24:47
16        android:name="com.example.dietaapp.DYNAMIC_RECEIVER_NOT_EXPORTED_PERMISSION"
16-->[androidx.core:core:1.9.0] AndroidManifest.xml:23:9-81
17        android:protectionLevel="signature" />
17-->[androidx.core:core:1.9.0] AndroidManifest.xml:24:9-44
18
19    <uses-permission android:name="com.example.dietaapp.DYNAMIC_RECEIVER_NOT_EXPORTED_PERMISSION" /> <!-- Permission will be merged into the manifest of the hosting app. -->
19-->[androidx.core:core:1.9.0] AndroidManifest.xml:26:5-97
19-->[androidx.core:core:1.9.0] AndroidManifest.xml:26:22-94
20    <!-- Is required to launch foreground extraction service for targetSdkVersion 28+. -->
21    <uses-permission android:name="android.permission.FOREGROUND_SERVICE" />
21-->[com.google.android.play:core:1.10.3] AndroidManifest.xml:13:5-77
21-->[com.google.android.play:core:1.10.3] AndroidManifest.xml:13:22-74
22
23    <application
23-->src\main\AndroidManifest.xml:11:5-39:19
24        android:allowBackup="true"
24-->src\main\AndroidManifest.xml:12:9-35
25        android:appComponentFactory="androidx.core.app.CoreComponentFactory"
25-->[androidx.core:core:1.9.0] AndroidManifest.xml:28:18-86
26        android:dataExtractionRules="@xml/data_extraction_rules"
26-->src\main\AndroidManifest.xml:13:9-65
27        android:debuggable="true"
28        android:extractNativeLibs="false"
29        android:fullBackupContent="@xml/backup_rules"
29-->src\main\AndroidManifest.xml:14:9-54
30        android:icon="@mipmap/dietapp_icon"
30-->src\main\AndroidManifest.xml:15:9-44
31        android:label="@string/app_name"
31-->src\main\AndroidManifest.xml:16:9-41
32        android:roundIcon="@mipmap/ic_launcher_round"
32-->src\main\AndroidManifest.xml:17:9-54
33        android:supportsRtl="true"
33-->src\main\AndroidManifest.xml:18:9-35
34        android:testOnly="true"
35        android:theme="@style/Theme.DietaApp"
35-->src\main\AndroidManifest.xml:19:9-46
36        android:usesCleartextTraffic="true" >
36-->src\main\AndroidManifest.xml:21:9-44
37        <activity
37-->src\main\AndroidManifest.xml:23:9-32:20
38            android:name="com.example.dietaapp.LoginActivity"
38-->src\main\AndroidManifest.xml:24:13-42
39            android:exported="true"
39-->src\main\AndroidManifest.xml:26:13-36
40            android:theme="@style/Theme.AppCompat.Light.NoActionBar" >
40-->src\main\AndroidManifest.xml:25:13-69
41            <intent-filter>
41-->src\main\AndroidManifest.xml:27:13-31:29
42                <action android:name="android.intent.action.MAIN" />
42-->src\main\AndroidManifest.xml:28:17-69
42-->src\main\AndroidManifest.xml:28:25-66
43
44                <category android:name="android.intent.category.LAUNCHER" />
44-->src\main\AndroidManifest.xml:30:17-77
44-->src\main\AndroidManifest.xml:30:27-74
45            </intent-filter>
46        </activity>
47        <activity
47-->src\main\AndroidManifest.xml:34:9-36:38
48            android:name="com.example.dietaapp.MainActivity"
48-->src\main\AndroidManifest.xml:35:13-41
49            android:exported="true" />
49-->src\main\AndroidManifest.xml:36:13-36
50
51        <provider
51-->[androidx.emoji2:emoji2:1.2.0] AndroidManifest.xml:24:9-32:20
52            android:name="androidx.startup.InitializationProvider"
52-->[androidx.emoji2:emoji2:1.2.0] AndroidManifest.xml:25:13-67
53            android:authorities="com.example.dietaapp.androidx-startup"
53-->[androidx.emoji2:emoji2:1.2.0] AndroidManifest.xml:26:13-68
54            android:exported="false" >
54-->[androidx.emoji2:emoji2:1.2.0] AndroidManifest.xml:27:13-37
55            <meta-data
55-->[androidx.emoji2:emoji2:1.2.0] AndroidManifest.xml:29:13-31:52
56                android:name="androidx.emoji2.text.EmojiCompatInitializer"
56-->[androidx.emoji2:emoji2:1.2.0] AndroidManifest.xml:30:17-75
57                android:value="androidx.startup" />
57-->[androidx.emoji2:emoji2:1.2.0] AndroidManifest.xml:31:17-49
58            <meta-data
58-->[androidx.lifecycle:lifecycle-process:2.4.1] AndroidManifest.xml:31:13-33:52
59                android:name="androidx.lifecycle.ProcessLifecycleInitializer"
59-->[androidx.lifecycle:lifecycle-process:2.4.1] AndroidManifest.xml:32:17-78
60                android:value="androidx.startup" />
60-->[androidx.lifecycle:lifecycle-process:2.4.1] AndroidManifest.xml:33:17-49
61            <meta-data
61-->[androidx.profileinstaller:profileinstaller:1.0.1] AndroidManifest.xml:31:13-33:52
62                android:name="androidx.profileinstaller.ProfileInstallerInitializer"
62-->[androidx.profileinstaller:profileinstaller:1.0.1] AndroidManifest.xml:32:17-85
63                android:value="androidx.startup" />
63-->[androidx.profileinstaller:profileinstaller:1.0.1] AndroidManifest.xml:33:17-49
64        </provider>
65
66        <uses-library
66-->[androidx.window:window:1.0.0] AndroidManifest.xml:25:9-27:40
67            android:name="androidx.window.extensions"
67-->[androidx.window:window:1.0.0] AndroidManifest.xml:26:13-54
68            android:required="false" />
68-->[androidx.window:window:1.0.0] AndroidManifest.xml:27:13-37
69        <uses-library
69-->[androidx.window:window:1.0.0] AndroidManifest.xml:28:9-30:40
70            android:name="androidx.window.sidecar"
70-->[androidx.window:window:1.0.0] AndroidManifest.xml:29:13-51
71            android:required="false" />
71-->[androidx.window:window:1.0.0] AndroidManifest.xml:30:13-37
72
73        <receiver
73-->[androidx.profileinstaller:profileinstaller:1.0.1] AndroidManifest.xml:36:9-45:20
74            android:name="androidx.profileinstaller.ProfileInstallReceiver"
74-->[androidx.profileinstaller:profileinstaller:1.0.1] AndroidManifest.xml:37:13-76
75            android:directBootAware="false"
75-->[androidx.profileinstaller:profileinstaller:1.0.1] AndroidManifest.xml:38:13-44
76            android:enabled="true"
76-->[androidx.profileinstaller:profileinstaller:1.0.1] AndroidManifest.xml:39:13-35
77            android:exported="true"
77-->[androidx.profileinstaller:profileinstaller:1.0.1] AndroidManifest.xml:40:13-36
78            android:permission="android.permission.DUMP" >
78-->[androidx.profileinstaller:profileinstaller:1.0.1] AndroidManifest.xml:41:13-57
79            <intent-filter>
79-->[androidx.profileinstaller:profileinstaller:1.0.1] AndroidManifest.xml:42:13-44:29
80                <action android:name="androidx.profileinstaller.action.INSTALL_PROFILE" />
80-->[androidx.profileinstaller:profileinstaller:1.0.1] AndroidManifest.xml:43:17-91
80-->[androidx.profileinstaller:profileinstaller:1.0.1] AndroidManifest.xml:43:25-88
81            </intent-filter>
82        </receiver> <!-- The activities will be merged into the manifest of the hosting app. -->
83        <activity
83-->[com.google.android.play:core:1.10.3] AndroidManifest.xml:18:9-24:45
84            android:name="com.google.android.play.core.missingsplits.PlayCoreMissingSplitsActivity"
84-->[com.google.android.play:core:1.10.3] AndroidManifest.xml:19:13-100
85            android:enabled="false"
85-->[com.google.android.play:core:1.10.3] AndroidManifest.xml:20:13-36
86            android:exported="false"
86-->[com.google.android.play:core:1.10.3] AndroidManifest.xml:21:13-37
87            android:launchMode="singleInstance"
87-->[com.google.android.play:core:1.10.3] AndroidManifest.xml:22:13-48
88            android:process=":playcore_missing_splits_activity"
88-->[com.google.android.play:core:1.10.3] AndroidManifest.xml:23:13-64
89            android:stateNotNeeded="true" />
89-->[com.google.android.play:core:1.10.3] AndroidManifest.xml:24:13-42
90        <activity
90-->[com.google.android.play:core:1.10.3] AndroidManifest.xml:25:9-29:65
91            android:name="com.google.android.play.core.common.PlayCoreDialogWrapperActivity"
91-->[com.google.android.play:core:1.10.3] AndroidManifest.xml:26:13-93
92            android:exported="false"
92-->[com.google.android.play:core:1.10.3] AndroidManifest.xml:27:13-37
93            android:stateNotNeeded="true"
93-->[com.google.android.play:core:1.10.3] AndroidManifest.xml:28:13-42
94            android:theme="@style/Theme.PlayCore.Transparent" /> <!-- The services will be merged into the manifest of the hosting app. -->
94-->[com.google.android.play:core:1.10.3] AndroidManifest.xml:29:13-62
95        <service
95-->[com.google.android.play:core:1.10.3] AndroidManifest.xml:32:9-39:19
96            android:name="com.google.android.play.core.assetpacks.AssetPackExtractionService"
96-->[com.google.android.play:core:1.10.3] AndroidManifest.xml:33:13-94
97            android:enabled="false"
97-->[com.google.android.play:core:1.10.3] AndroidManifest.xml:34:13-36
98            android:exported="true" >
98-->[com.google.android.play:core:1.10.3] AndroidManifest.xml:35:13-36
99            <meta-data
99-->[com.google.android.play:core:1.10.3] AndroidManifest.xml:36:13-38:41
100                android:name="com.google.android.play.core.assetpacks.versionCode"
100-->[com.google.android.play:core:1.10.3] AndroidManifest.xml:37:17-83
101                android:value="11003" />
101-->[com.google.android.play:core:1.10.3] AndroidManifest.xml:38:17-38
102        </service>
103        <service
103-->[com.google.android.play:core:1.10.3] AndroidManifest.xml:40:9-43:40
104            android:name="com.google.android.play.core.assetpacks.ExtractionForegroundService"
104-->[com.google.android.play:core:1.10.3] AndroidManifest.xml:41:13-95
105            android:enabled="false"
105-->[com.google.android.play:core:1.10.3] AndroidManifest.xml:42:13-36
106            android:exported="false" />
106-->[com.google.android.play:core:1.10.3] AndroidManifest.xml:43:13-37
107    </application>
108
109</manifest>